-- The C compiler identification is GNU 11.4.0
-- The CXX compiler identification is GNU 11.4.0
-- Detecting C compiler ABI info
-- Detecting C compiler ABI info - done
-- Check for working C compiler: /usr/bin/cc - skipped
-- Detecting C compile features
-- Detecting C compile features - done
-- Detecting CXX compiler ABI info
-- Detecting CXX compiler ABI info - done
-- Check for working CXX compiler: /usr/bin/c++ - skipped
-- Detecting CXX compile features
-- Detecting CXX compile features - done
-- Found ament_cmake: 1.3.12 (/opt/ros/humble/share/ament_cmake/cmake)
-- Found Python3: /usr/bin/python3 (found version "3.10.12") found components: Interpreter 
-- Override CMake install command with custom implementation using symlinks instead of copying resources
-- Configuring done
-- Generating done
-- Build files have been written to: /home/sang/dev_ws/robot_arm/robot_arm_project/robot_arm_pick_place/colcon_ws/build/arm_gazebo
-- Install configuration: ""
-- Execute custom install script
-- Symlinking: /home/sang/dev_ws/robot_arm/robot_arm_project/robot_arm_pick_place/colcon_ws/install/arm_gazebo/share/arm_gazebo/launch/bringup_all.launch.py
-- Symlinking: /home/sang/dev_ws/robot_arm/robot_arm_project/robot_arm_pick_place/colcon_ws/install/arm_gazebo/share/arm_gazebo/config/fastdds_no_shm.xml
-- Symlinking: /home/sang/dev_ws/robot_arm/robot_arm_project/robot_arm_pick_place/colcon_ws/install/arm_gazebo/share/arm_gazebo/config/ros2_controllers.yaml
-- Symlinking: /home/sang/dev_ws/robot_arm/robot_arm_project/robot_arm_pick_place/colcon_ws/install/arm_gazebo/share/arm_gazebo/worlds/arm_world.world
-- Symlinking: /home/sang/dev_ws/robot_arm/robot_arm_project/robot_arm_pick_place/colcon_ws/install/arm_gazebo/share/arm_gazebo/models/object_box/model.config
-- Symlinking: /home/sang/dev_ws/robot_arm/robot_arm_project/robot_arm_pick_place/colcon_ws/install/arm_gazebo/share/arm_gazebo/models/object_box/model.sdf
-- Symlinking: /home/sang/dev_ws/robot_arm/robot_arm_project/robot_arm_pick_place/colcon_ws/install/arm_gazebo/share/arm_gazebo/package.xml
-- Symlinking: /home/sang/dev_ws/robot_arm/robot_arm_project/robot_arm_pick_place/colcon_ws/install/arm_gazebo/share/ament_index/resource_index/package_run_dependencies/arm_gazebo
-- Symlinking: /home/sang/dev_ws/robot_arm/robot_arm_project/robot_arm_pick_place/colcon_ws/install/arm_gazebo/share/ament_index/resource_index/parent_prefix_path/arm_gazebo
-- Symlinking: /home/sang/dev_ws/robot_arm/robot_arm_project/robot_arm_pick_place/colcon_ws/install/arm_gazebo/share/arm_gazebo/environment/ament_prefix_path.sh
-- Symlinking: /home/sang/dev_ws/robot_arm/robot_arm_project/robot_arm_pick_place/colcon_ws/install/arm_gazebo/share/arm_gazebo/environment/ament_prefix_path.dsv
-- Symlinking: /home/sang/dev_ws/robot_arm/robot_arm_project/robot_arm_pick_place/colcon_ws/install/arm_gazebo/share/arm_gazebo/environment/path.sh
-- Symlinking: /home/sang/dev_ws/robot_arm/robot_arm_project/robot_arm_pick_place/colcon_ws/install/arm_gazebo/share/arm_gazebo/environment/path.dsv
-- Symlinking: /home/sang/dev_ws/robot_arm/robot_arm_project/robot_arm_pick_place/colcon_ws/install/arm_gazebo/share/arm_gazebo/local_setup.bash
-- Symlinking: /home/sang/dev_ws/robot_arm/robot_arm_project/robot_arm_pick_place/colcon_ws/install/arm_gazebo/share/arm_gazebo/local_setup.sh
-- Symlinking: /home/sang/dev_ws/robot_arm/robot_arm_project/robot_arm_pick_place/colcon_ws/install/arm_gazebo/share/arm_gazebo/local_setup.zsh
-- Symlinking: /home/sang/dev_ws/robot_arm/robot_arm_project/robot_arm_pick_place/colcon_ws/install/arm_gazebo/share/arm_gazebo/local_setup.dsv
-- Symlinking: /home/sang/dev_ws/robot_arm/robot_arm_project/robot_arm_pick_place/colcon_ws/install/arm_gazebo/share/arm_gazebo/package.dsv
-- Symlinking: /home/sang/dev_ws/robot_arm/robot_arm_project/robot_arm_pick_place/colcon_ws/install/arm_gazebo/share/ament_index/resource_index/packages/arm_gazebo
-- Symlinking: /home/sang/dev_ws/robot_arm/robot_arm_project/robot_arm_pick_place/colcon_ws/install/arm_gazebo/share/arm_gazebo/cmake/arm_gazeboConfig.cmake
-- Symlinking: /home/sang/dev_ws/robot_arm/robot_arm_project/robot_arm_pick_place/colcon_ws/install/arm_gazebo/share/arm_gazebo/cmake/arm_gazeboConfig-version.cmake
-- Up-to-date symlink: /home/sang/dev_ws/robot_arm/robot_arm_project/robot_arm_pick_place/colcon_ws/install/arm_gazebo/share/arm_gazebo/package.xml
