[0.010s] Invoking command in '/home/sang/dev_ws/robot_arm/robot_arm_project/robot_arm_pick_place/colcon_ws/build/arm_gazebo': CMAKE_PREFIX_PATH=/home/sang/dev_ws/robot_arm/robot_arm_project/robot_arm_pick_place/colcon_ws/install/arm_moveit_config:/home/sang/dev_ws/robot_arm/robot_arm_project/robot_arm_pick_place/colcon_ws/install/arm_description:/home/sang/dev_ws/robot_arm/robot_arm_project/robot_arm_pick_place/colcon_ws/install/arm_moveit_task:/home/sang/dev_ws/robot_arm/robot_arm_project/robot_arm_pick_place/colcon_ws/install/arm_gazebo:/opt/ros/humble /usr/bin/cmake /home/sang/dev_ws/robot_arm/robot_arm_project/robot_arm_pick_place/colcon_ws/src/arm_gazebo -DAMENT_CMAKE_SYMLINK_INSTALL=1 -DCMAKE_INSTALL_PREFIX=/home/sang/dev_ws/robot_arm/robot_arm_project/robot_arm_pick_place/colcon_ws/install/arm_gazebo
[0.064s] -- The C compiler identification is GNU 11.4.0
[0.115s] -- The CXX compiler identification is GNU 11.4.0
[0.121s] -- Detecting C compiler ABI info
[0.183s] -- Detecting C compiler ABI info - done
[0.189s] -- Check for working C compiler: /usr/bin/cc - skipped
[0.190s] -- Detecting C compile features
[0.190s] -- Detecting C compile features - done
[0.192s] -- Detecting CXX compiler ABI info
[0.263s] -- Detecting CXX compiler ABI info - done
[0.277s] -- Check for working CXX compiler: /usr/bin/c++ - skipped
[0.277s] -- Detecting CXX compile features
[0.278s] -- Detecting CXX compile features - done
[0.282s] -- Found ament_cmake: 1.3.12 (/opt/ros/humble/share/ament_cmake/cmake)
[0.423s] -- Found Python3: /usr/bin/python3 (found version "3.10.12") found components: Interpreter 
[0.482s] -- Override CMake install command with custom implementation using symlinks instead of copying resources
[0.588s] -- Configuring done
[0.590s] -- Generating done
[0.592s] -- Build files have been written to: /home/sang/dev_ws/robot_arm/robot_arm_project/robot_arm_pick_place/colcon_ws/build/arm_gazebo
[0.596s] Invoked command in '/home/sang/dev_ws/robot_arm/robot_arm_project/robot_arm_pick_place/colcon_ws/build/arm_gazebo' returned '0': CMAKE_PREFIX_PATH=/home/sang/dev_ws/robot_arm/robot_arm_project/robot_arm_pick_place/colcon_ws/install/arm_moveit_config:/home/sang/dev_ws/robot_arm/robot_arm_project/robot_arm_pick_place/colcon_ws/install/arm_description:/home/sang/dev_ws/robot_arm/robot_arm_project/robot_arm_pick_place/colcon_ws/install/arm_moveit_task:/home/sang/dev_ws/robot_arm/robot_arm_project/robot_arm_pick_place/colcon_ws/install/arm_gazebo:/opt/ros/humble /usr/bin/cmake /home/sang/dev_ws/robot_arm/robot_arm_project/robot_arm_pick_place/colcon_ws/src/arm_gazebo -DAMENT_CMAKE_SYMLINK_INSTALL=1 -DCMAKE_INSTALL_PREFIX=/home/sang/dev_ws/robot_arm/robot_arm_project/robot_arm_pick_place/colcon_ws/install/arm_gazebo
[0.597s] Invoking command in '/home/sang/dev_ws/robot_arm/robot_arm_project/robot_arm_pick_place/colcon_ws/build/arm_gazebo': CMAKE_PREFIX_PATH=/home/sang/dev_ws/robot_arm/robot_arm_project/robot_arm_pick_place/colcon_ws/install/arm_moveit_config:/home/sang/dev_ws/robot_arm/robot_arm_project/robot_arm_pick_place/colcon_ws/install/arm_description:/home/sang/dev_ws/robot_arm/robot_arm_project/robot_arm_pick_place/colcon_ws/install/arm_moveit_task:/home/sang/dev_ws/robot_arm/robot_arm_project/robot_arm_pick_place/colcon_ws/install/arm_gazebo:/opt/ros/humble /usr/bin/cmake --build /home/sang/dev_ws/robot_arm/robot_arm_project/robot_arm_pick_place/colcon_ws/build/arm_gazebo -- -j12 -l12
[0.630s] Invoked command in '/home/sang/dev_ws/robot_arm/robot_arm_project/robot_arm_pick_place/colcon_ws/build/arm_gazebo' returned '0': CMAKE_PREFIX_PATH=/home/sang/dev_ws/robot_arm/robot_arm_project/robot_arm_pick_place/colcon_ws/install/arm_moveit_config:/home/sang/dev_ws/robot_arm/robot_arm_project/robot_arm_pick_place/colcon_ws/install/arm_description:/home/sang/dev_ws/robot_arm/robot_arm_project/robot_arm_pick_place/colcon_ws/install/arm_moveit_task:/home/sang/dev_ws/robot_arm/robot_arm_project/robot_arm_pick_place/colcon_ws/install/arm_gazebo:/opt/ros/humble /usr/bin/cmake --build /home/sang/dev_ws/robot_arm/robot_arm_project/robot_arm_pick_place/colcon_ws/build/arm_gazebo -- -j12 -l12
[0.631s] Invoking command in '/home/sang/dev_ws/robot_arm/robot_arm_project/robot_arm_pick_place/colcon_ws/build/arm_gazebo': CMAKE_PREFIX_PATH=/home/sang/dev_ws/robot_arm/robot_arm_project/robot_arm_pick_place/colcon_ws/install/arm_moveit_config:/home/sang/dev_ws/robot_arm/robot_arm_project/robot_arm_pick_place/colcon_ws/install/arm_description:/home/sang/dev_ws/robot_arm/robot_arm_project/robot_arm_pick_place/colcon_ws/install/arm_moveit_task:/home/sang/dev_ws/robot_arm/robot_arm_project/robot_arm_pick_place/colcon_ws/install/arm_gazebo:/opt/ros/humble /usr/bin/cmake --install /home/sang/dev_ws/robot_arm/robot_arm_project/robot_arm_pick_place/colcon_ws/build/arm_gazebo
[0.637s] -- Install configuration: ""
[0.638s] -- Execute custom install script
[0.638s] -- Symlinking: /home/sang/dev_ws/robot_arm/robot_arm_project/robot_arm_pick_place/colcon_ws/install/arm_gazebo/share/arm_gazebo/launch/bringup_all.launch.py
[0.646s] -- Symlinking: /home/sang/dev_ws/robot_arm/robot_arm_project/robot_arm_pick_place/colcon_ws/install/arm_gazebo/share/arm_gazebo/config/fastdds_no_shm.xml
[0.654s] -- Symlinking: /home/sang/dev_ws/robot_arm/robot_arm_project/robot_arm_pick_place/colcon_ws/install/arm_gazebo/share/arm_gazebo/config/ros2_controllers.yaml
[0.662s] -- Symlinking: /home/sang/dev_ws/robot_arm/robot_arm_project/robot_arm_pick_place/colcon_ws/install/arm_gazebo/share/arm_gazebo/worlds/arm_world.world
[0.670s] -- Symlinking: /home/sang/dev_ws/robot_arm/robot_arm_project/robot_arm_pick_place/colcon_ws/install/arm_gazebo/share/arm_gazebo/models/object_box/model.config
[0.678s] -- Symlinking: /home/sang/dev_ws/robot_arm/robot_arm_project/robot_arm_pick_place/colcon_ws/install/arm_gazebo/share/arm_gazebo/models/object_box/model.sdf
[0.687s] -- Symlinking: /home/sang/dev_ws/robot_arm/robot_arm_project/robot_arm_pick_place/colcon_ws/install/arm_gazebo/share/arm_gazebo/package.xml
[0.695s] -- Symlinking: /home/sang/dev_ws/robot_arm/robot_arm_project/robot_arm_pick_place/colcon_ws/install/arm_gazebo/share/ament_index/resource_index/package_run_dependencies/arm_gazebo
[0.702s] -- Symlinking: /home/sang/dev_ws/robot_arm/robot_arm_project/robot_arm_pick_place/colcon_ws/install/arm_gazebo/share/ament_index/resource_index/parent_prefix_path/arm_gazebo
[0.710s] -- Symlinking: /home/sang/dev_ws/robot_arm/robot_arm_project/robot_arm_pick_place/colcon_ws/install/arm_gazebo/share/arm_gazebo/environment/ament_prefix_path.sh
[0.718s] -- Symlinking: /home/sang/dev_ws/robot_arm/robot_arm_project/robot_arm_pick_place/colcon_ws/install/arm_gazebo/share/arm_gazebo/environment/ament_prefix_path.dsv
[0.725s] -- Symlinking: /home/sang/dev_ws/robot_arm/robot_arm_project/robot_arm_pick_place/colcon_ws/install/arm_gazebo/share/arm_gazebo/environment/path.sh
[0.733s] -- Symlinking: /home/sang/dev_ws/robot_arm/robot_arm_project/robot_arm_pick_place/colcon_ws/install/arm_gazebo/share/arm_gazebo/environment/path.dsv
[0.741s] -- Symlinking: /home/sang/dev_ws/robot_arm/robot_arm_project/robot_arm_pick_place/colcon_ws/install/arm_gazebo/share/arm_gazebo/local_setup.bash
[0.748s] -- Symlinking: /home/sang/dev_ws/robot_arm/robot_arm_project/robot_arm_pick_place/colcon_ws/install/arm_gazebo/share/arm_gazebo/local_setup.sh
[0.756s] -- Symlinking: /home/sang/dev_ws/robot_arm/robot_arm_project/robot_arm_pick_place/colcon_ws/install/arm_gazebo/share/arm_gazebo/local_setup.zsh
[0.764s] -- Symlinking: /home/sang/dev_ws/robot_arm/robot_arm_project/robot_arm_pick_place/colcon_ws/install/arm_gazebo/share/arm_gazebo/local_setup.dsv
[0.772s] -- Symlinking: /home/sang/dev_ws/robot_arm/robot_arm_project/robot_arm_pick_place/colcon_ws/install/arm_gazebo/share/arm_gazebo/package.dsv
[0.779s] -- Symlinking: /home/sang/dev_ws/robot_arm/robot_arm_project/robot_arm_pick_place/colcon_ws/install/arm_gazebo/share/ament_index/resource_index/packages/arm_gazebo
[0.787s] -- Symlinking: /home/sang/dev_ws/robot_arm/robot_arm_project/robot_arm_pick_place/colcon_ws/install/arm_gazebo/share/arm_gazebo/cmake/arm_gazeboConfig.cmake
[0.794s] -- Symlinking: /home/sang/dev_ws/robot_arm/robot_arm_project/robot_arm_pick_place/colcon_ws/install/arm_gazebo/share/arm_gazebo/cmake/arm_gazeboConfig-version.cmake
[0.802s] -- Up-to-date symlink: /home/sang/dev_ws/robot_arm/robot_arm_project/robot_arm_pick_place/colcon_ws/install/arm_gazebo/share/arm_gazebo/package.xml
[0.804s] Invoked command in '/home/sang/dev_ws/robot_arm/robot_arm_project/robot_arm_pick_place/colcon_ws/build/arm_gazebo' returned '0': CMAKE_PREFIX_PATH=/home/sang/dev_ws/robot_arm/robot_arm_project/robot_arm_pick_place/colcon_ws/install/arm_moveit_config:/home/sang/dev_ws/robot_arm/robot_arm_project/robot_arm_pick_place/colcon_ws/install/arm_description:/home/sang/dev_ws/robot_arm/robot_arm_project/robot_arm_pick_place/colcon_ws/install/arm_moveit_task:/home/sang/dev_ws/robot_arm/robot_arm_project/robot_arm_pick_place/colcon_ws/install/arm_gazebo:/opt/ros/humble /usr/bin/cmake --install /home/sang/dev_ws/robot_arm/robot_arm_project/robot_arm_pick_place/colcon_ws/build/arm_gazebo
