-- The C compiler identification is GNU 11.4.0
-- The CXX compiler identification is GNU 11.4.0
-- Detecting C compiler ABI info
-- Detecting C compiler ABI info - done
-- Check for working C compiler: /usr/bin/cc - skipped
-- Detecting C compile features
-- Detecting C compile features - done
-- Detecting CXX compiler ABI info
-- Detecting CXX compiler ABI info - done
-- Check for working CXX compiler: /usr/bin/c++ - skipped
-- Detecting CXX compile features
-- Detecting CXX compile features - done
-- Found ament_cmake: 1.3.12 (/opt/ros/humble/share/ament_cmake/cmake)
-- Found Python3: /usr/bin/python3 (found version "3.10.12") found components: Interpreter 
-- Override CMake install command with custom implementation using symlinks instead of copying resources
-- Found ament_lint_auto: 0.12.14 (/opt/ros/humble/share/ament_lint_auto/cmake)
-- Configuring done
-- Generating done
-- Build files have been written to: /home/sang/dev_ws/robot_arm/robot_arm_project/robot_arm_pick_place/colcon_ws/build/arm_moveit_task
Built target ament_cmake_python_symlink_arm_moveit_task_setup
Built target ament_cmake_python_symlink_arm_moveit_task
running egg_info
creating arm_moveit_task.egg-info
writing arm_moveit_task.egg-info/PKG-INFO
writing dependency_links to arm_moveit_task.egg-info/dependency_links.txt
writing top-level names to arm_moveit_task.egg-info/top_level.txt
writing manifest file 'arm_moveit_task.egg-info/SOURCES.txt'
reading manifest file 'arm_moveit_task.egg-info/SOURCES.txt'
writing manifest file 'arm_moveit_task.egg-info/SOURCES.txt'
Built target ament_cmake_python_build_arm_moveit_task_egg
-- Install configuration: ""
-- Execute custom install script
-- Symlinking: /home/sang/dev_ws/robot_arm/robot_arm_project/robot_arm_pick_place/colcon_ws/install/arm_moveit_task/share/arm_moveit_task/environment/pythonpath.sh
-- Symlinking: /home/sang/dev_ws/robot_arm/robot_arm_project/robot_arm_pick_place/colcon_ws/install/arm_moveit_task/share/arm_moveit_task/environment/pythonpath.dsv
-- Symlinking: /home/sang/dev_ws/robot_arm/robot_arm_project/robot_arm_pick_place/colcon_ws/install/arm_moveit_task/local/lib/python3.10/dist-packages/arm_moveit_task-0.1.0-py3.10.egg-info/PKG-INFO
-- Symlinking: /home/sang/dev_ws/robot_arm/robot_arm_project/robot_arm_pick_place/colcon_ws/install/arm_moveit_task/local/lib/python3.10/dist-packages/arm_moveit_task-0.1.0-py3.10.egg-info/SOURCES.txt
-- Symlinking: /home/sang/dev_ws/robot_arm/robot_arm_project/robot_arm_pick_place/colcon_ws/install/arm_moveit_task/local/lib/python3.10/dist-packages/arm_moveit_task-0.1.0-py3.10.egg-info/dependency_links.txt
-- Symlinking: /home/sang/dev_ws/robot_arm/robot_arm_project/robot_arm_pick_place/colcon_ws/install/arm_moveit_task/local/lib/python3.10/dist-packages/arm_moveit_task-0.1.0-py3.10.egg-info/top_level.txt
-- Symlinking: /home/sang/dev_ws/robot_arm/robot_arm_project/robot_arm_pick_place/colcon_ws/install/arm_moveit_task/local/lib/python3.10/dist-packages/arm_moveit_task/__init__.py
-- Symlinking: /home/sang/dev_ws/robot_arm/robot_arm_project/robot_arm_pick_place/colcon_ws/install/arm_moveit_task/local/lib/python3.10/dist-packages/arm_moveit_task/pick_place_task.py
-- Symlinking: /home/sang/dev_ws/robot_arm/robot_arm_project/robot_arm_pick_place/colcon_ws/install/arm_moveit_task/share/ament_index/resource_index/package_run_dependencies/arm_moveit_task
-- Symlinking: /home/sang/dev_ws/robot_arm/robot_arm_project/robot_arm_pick_place/colcon_ws/install/arm_moveit_task/share/ament_index/resource_index/parent_prefix_path/arm_moveit_task
-- Symlinking: /home/sang/dev_ws/robot_arm/robot_arm_project/robot_arm_pick_place/colcon_ws/install/arm_moveit_task/share/arm_moveit_task/environment/ament_prefix_path.sh
-- Symlinking: /home/sang/dev_ws/robot_arm/robot_arm_project/robot_arm_pick_place/colcon_ws/install/arm_moveit_task/share/arm_moveit_task/environment/ament_prefix_path.dsv
-- Symlinking: /home/sang/dev_ws/robot_arm/robot_arm_project/robot_arm_pick_place/colcon_ws/install/arm_moveit_task/share/arm_moveit_task/environment/path.sh
-- Symlinking: /home/sang/dev_ws/robot_arm/robot_arm_project/robot_arm_pick_place/colcon_ws/install/arm_moveit_task/share/arm_moveit_task/environment/path.dsv
-- Symlinking: /home/sang/dev_ws/robot_arm/robot_arm_project/robot_arm_pick_place/colcon_ws/install/arm_moveit_task/share/arm_moveit_task/local_setup.bash
-- Symlinking: /home/sang/dev_ws/robot_arm/robot_arm_project/robot_arm_pick_place/colcon_ws/install/arm_moveit_task/share/arm_moveit_task/local_setup.sh
-- Symlinking: /home/sang/dev_ws/robot_arm/robot_arm_project/robot_arm_pick_place/colcon_ws/install/arm_moveit_task/share/arm_moveit_task/local_setup.zsh
-- Symlinking: /home/sang/dev_ws/robot_arm/robot_arm_project/robot_arm_pick_place/colcon_ws/install/arm_moveit_task/share/arm_moveit_task/local_setup.dsv
-- Symlinking: /home/sang/dev_ws/robot_arm/robot_arm_project/robot_arm_pick_place/colcon_ws/install/arm_moveit_task/share/arm_moveit_task/package.dsv
-- Symlinking: /home/sang/dev_ws/robot_arm/robot_arm_project/robot_arm_pick_place/colcon_ws/install/arm_moveit_task/share/ament_index/resource_index/packages/arm_moveit_task
-- Symlinking: /home/sang/dev_ws/robot_arm/robot_arm_project/robot_arm_pick_place/colcon_ws/install/arm_moveit_task/share/arm_moveit_task/cmake/arm_moveit_taskConfig.cmake
-- Symlinking: /home/sang/dev_ws/robot_arm/robot_arm_project/robot_arm_pick_place/colcon_ws/install/arm_moveit_task/share/arm_moveit_task/cmake/arm_moveit_taskConfig-version.cmake
-- Symlinking: /home/sang/dev_ws/robot_arm/robot_arm_project/robot_arm_pick_place/colcon_ws/install/arm_moveit_task/share/arm_moveit_task/package.xml
Listing '/home/sang/dev_ws/robot_arm/robot_arm_project/robot_arm_pick_place/colcon_ws/install/arm_moveit_task/local/lib/python3.10/dist-packages/arm_moveit_task'...
Compiling '/home/sang/dev_ws/robot_arm/robot_arm_project/robot_arm_pick_place/colcon_ws/install/arm_moveit_task/local/lib/python3.10/dist-packages/arm_moveit_task/__init__.py'...
Compiling '/home/sang/dev_ws/robot_arm/robot_arm_project/robot_arm_pick_place/colcon_ws/install/arm_moveit_task/local/lib/python3.10/dist-packages/arm_moveit_task/pick_place_task.py'...
-- Installing: /home/sang/dev_ws/robot_arm/robot_arm_project/robot_arm_pick_place/colcon_ws/install/arm_moveit_task/lib/arm_moveit_task/pick_place_task
