[0.010s] Invoking command in '/home/sang/dev_ws/robot_arm/robot_arm_project/robot_arm_pick_place/colcon_ws/build/arm_moveit_task': CMAKE_PREFIX_PATH=/home/sang/dev_ws/robot_arm/robot_arm_project/robot_arm_pick_place/colcon_ws/install/arm_moveit_config:/home/sang/dev_ws/robot_arm/robot_arm_project/robot_arm_pick_place/colcon_ws/install/arm_description:/home/sang/dev_ws/robot_arm/robot_arm_project/robot_arm_pick_place/colcon_ws/install/arm_moveit_task:/home/sang/dev_ws/robot_arm/robot_arm_project/robot_arm_pick_place/colcon_ws/install/arm_gazebo:/opt/ros/humble /usr/bin/cmake /home/sang/dev_ws/robot_arm/robot_arm_project/robot_arm_pick_place/colcon_ws/src/arm_moveit_task -DAMENT_CMAKE_SYMLINK_INSTALL=1 -DCMAKE_INSTALL_PREFIX=/home/sang/dev_ws/robot_arm/robot_arm_project/robot_arm_pick_place/colcon_ws/install/arm_moveit_task
[0.060s] -- The C compiler identification is GNU 11.4.0
[0.111s] -- The CXX compiler identification is GNU 11.4.0
[0.117s] -- Detecting C compiler ABI info
[0.179s] -- Detecting C compiler ABI info - done
[0.186s] -- Check for working C compiler: /usr/bin/cc - skipped
[0.186s] -- Detecting C compile features
[0.186s] -- Detecting C compile features - done
[0.189s] -- Detecting CXX compiler ABI info
[0.260s] -- Detecting CXX compiler ABI info - done
[0.273s] -- Check for working CXX compiler: /usr/bin/c++ - skipped
[0.274s] -- Detecting CXX compile features
[0.274s] -- Detecting CXX compile features - done
[0.279s] -- Found ament_cmake: 1.3.12 (/opt/ros/humble/share/ament_cmake/cmake)
[0.422s] -- Found Python3: /usr/bin/python3 (found version "3.10.12") found components: Interpreter 
[0.480s] -- Override CMake install command with custom implementation using symlinks instead of copying resources
[0.605s] -- Found ament_lint_auto: 0.12.14 (/opt/ros/humble/share/ament_lint_auto/cmake)
[0.721s] -- Configuring done
[0.725s] -- Generating done
[0.727s] -- Build files have been written to: /home/sang/dev_ws/robot_arm/robot_arm_project/robot_arm_pick_place/colcon_ws/build/arm_moveit_task
[0.730s] Invoked command in '/home/sang/dev_ws/robot_arm/robot_arm_project/robot_arm_pick_place/colcon_ws/build/arm_moveit_task' returned '0': CMAKE_PREFIX_PATH=/home/sang/dev_ws/robot_arm/robot_arm_project/robot_arm_pick_place/colcon_ws/install/arm_moveit_config:/home/sang/dev_ws/robot_arm/robot_arm_project/robot_arm_pick_place/colcon_ws/install/arm_description:/home/sang/dev_ws/robot_arm/robot_arm_project/robot_arm_pick_place/colcon_ws/install/arm_moveit_task:/home/sang/dev_ws/robot_arm/robot_arm_project/robot_arm_pick_place/colcon_ws/install/arm_gazebo:/opt/ros/humble /usr/bin/cmake /home/sang/dev_ws/robot_arm/robot_arm_project/robot_arm_pick_place/colcon_ws/src/arm_moveit_task -DAMENT_CMAKE_SYMLINK_INSTALL=1 -DCMAKE_INSTALL_PREFIX=/home/sang/dev_ws/robot_arm/robot_arm_project/robot_arm_pick_place/colcon_ws/install/arm_moveit_task
[0.732s] Invoking command in '/home/sang/dev_ws/robot_arm/robot_arm_project/robot_arm_pick_place/colcon_ws/build/arm_moveit_task': CMAKE_PREFIX_PATH=/home/sang/dev_ws/robot_arm/robot_arm_project/robot_arm_pick_place/colcon_ws/install/arm_moveit_config:/home/sang/dev_ws/robot_arm/robot_arm_project/robot_arm_pick_place/colcon_ws/install/arm_description:/home/sang/dev_ws/robot_arm/robot_arm_project/robot_arm_pick_place/colcon_ws/install/arm_moveit_task:/home/sang/dev_ws/robot_arm/robot_arm_project/robot_arm_pick_place/colcon_ws/install/arm_gazebo:/opt/ros/humble /usr/bin/cmake --build /home/sang/dev_ws/robot_arm/robot_arm_project/robot_arm_pick_place/colcon_ws/build/arm_moveit_task -- -j12 -l12
[0.778s] Built target ament_cmake_python_symlink_arm_moveit_task_setup
[0.778s] Built target ament_cmake_python_symlink_arm_moveit_task
[1.021s] running egg_info
[1.022s] creating arm_moveit_task.egg-info
[1.022s] writing arm_moveit_task.egg-info/PKG-INFO
[1.022s] writing dependency_links to arm_moveit_task.egg-info/dependency_links.txt
[1.022s] writing top-level names to arm_moveit_task.egg-info/top_level.txt
[1.023s] writing manifest file 'arm_moveit_task.egg-info/SOURCES.txt'
[1.025s] reading manifest file 'arm_moveit_task.egg-info/SOURCES.txt'
[1.026s] writing manifest file 'arm_moveit_task.egg-info/SOURCES.txt'
[1.048s] Built target ament_cmake_python_build_arm_moveit_task_egg
[1.058s] Invoked command in '/home/sang/dev_ws/robot_arm/robot_arm_project/robot_arm_pick_place/colcon_ws/build/arm_moveit_task' returned '0': CMAKE_PREFIX_PATH=/home/sang/dev_ws/robot_arm/robot_arm_project/robot_arm_pick_place/colcon_ws/install/arm_moveit_config:/home/sang/dev_ws/robot_arm/robot_arm_project/robot_arm_pick_place/colcon_ws/install/arm_description:/home/sang/dev_ws/robot_arm/robot_arm_project/robot_arm_pick_place/colcon_ws/install/arm_moveit_task:/home/sang/dev_ws/robot_arm/robot_arm_project/robot_arm_pick_place/colcon_ws/install/arm_gazebo:/opt/ros/humble /usr/bin/cmake --build /home/sang/dev_ws/robot_arm/robot_arm_project/robot_arm_pick_place/colcon_ws/build/arm_moveit_task -- -j12 -l12
[1.060s] Invoking command in '/home/sang/dev_ws/robot_arm/robot_arm_project/robot_arm_pick_place/colcon_ws/build/arm_moveit_task': CMAKE_PREFIX_PATH=/home/sang/dev_ws/robot_arm/robot_arm_project/robot_arm_pick_place/colcon_ws/install/arm_moveit_config:/home/sang/dev_ws/robot_arm/robot_arm_project/robot_arm_pick_place/colcon_ws/install/arm_description:/home/sang/dev_ws/robot_arm/robot_arm_project/robot_arm_pick_place/colcon_ws/install/arm_moveit_task:/home/sang/dev_ws/robot_arm/robot_arm_project/robot_arm_pick_place/colcon_ws/install/arm_gazebo:/opt/ros/humble /usr/bin/cmake --install /home/sang/dev_ws/robot_arm/robot_arm_project/robot_arm_pick_place/colcon_ws/build/arm_moveit_task
[1.066s] -- Install configuration: ""
[1.067s] -- Execute custom install script
[1.067s] -- Symlinking: /home/sang/dev_ws/robot_arm/robot_arm_project/robot_arm_pick_place/colcon_ws/install/arm_moveit_task/share/arm_moveit_task/environment/pythonpath.sh
[1.075s] -- Symlinking: /home/sang/dev_ws/robot_arm/robot_arm_project/robot_arm_pick_place/colcon_ws/install/arm_moveit_task/share/arm_moveit_task/environment/pythonpath.dsv
[1.083s] -- Symlinking: /home/sang/dev_ws/robot_arm/robot_arm_project/robot_arm_pick_place/colcon_ws/install/arm_moveit_task/local/lib/python3.10/dist-packages/arm_moveit_task-0.1.0-py3.10.egg-info/PKG-INFO
[1.090s] -- Symlinking: /home/sang/dev_ws/robot_arm/robot_arm_project/robot_arm_pick_place/colcon_ws/install/arm_moveit_task/local/lib/python3.10/dist-packages/arm_moveit_task-0.1.0-py3.10.egg-info/SOURCES.txt
[1.097s] -- Symlinking: /home/sang/dev_ws/robot_arm/robot_arm_project/robot_arm_pick_place/colcon_ws/install/arm_moveit_task/local/lib/python3.10/dist-packages/arm_moveit_task-0.1.0-py3.10.egg-info/dependency_links.txt
[1.104s] -- Symlinking: /home/sang/dev_ws/robot_arm/robot_arm_project/robot_arm_pick_place/colcon_ws/install/arm_moveit_task/local/lib/python3.10/dist-packages/arm_moveit_task-0.1.0-py3.10.egg-info/top_level.txt
[1.112s] -- Symlinking: /home/sang/dev_ws/robot_arm/robot_arm_project/robot_arm_pick_place/colcon_ws/install/arm_moveit_task/local/lib/python3.10/dist-packages/arm_moveit_task/__init__.py
[1.120s] -- Symlinking: /home/sang/dev_ws/robot_arm/robot_arm_project/robot_arm_pick_place/colcon_ws/install/arm_moveit_task/local/lib/python3.10/dist-packages/arm_moveit_task/pick_place_task.py
[1.127s] -- Symlinking: /home/sang/dev_ws/robot_arm/robot_arm_project/robot_arm_pick_place/colcon_ws/install/arm_moveit_task/share/ament_index/resource_index/package_run_dependencies/arm_moveit_task
[1.134s] -- Symlinking: /home/sang/dev_ws/robot_arm/robot_arm_project/robot_arm_pick_place/colcon_ws/install/arm_moveit_task/share/ament_index/resource_index/parent_prefix_path/arm_moveit_task
[1.142s] -- Symlinking: /home/sang/dev_ws/robot_arm/robot_arm_project/robot_arm_pick_place/colcon_ws/install/arm_moveit_task/share/arm_moveit_task/environment/ament_prefix_path.sh
[1.150s] -- Symlinking: /home/sang/dev_ws/robot_arm/robot_arm_project/robot_arm_pick_place/colcon_ws/install/arm_moveit_task/share/arm_moveit_task/environment/ament_prefix_path.dsv
[1.157s] -- Symlinking: /home/sang/dev_ws/robot_arm/robot_arm_project/robot_arm_pick_place/colcon_ws/install/arm_moveit_task/share/arm_moveit_task/environment/path.sh
[1.165s] -- Symlinking: /home/sang/dev_ws/robot_arm/robot_arm_project/robot_arm_pick_place/colcon_ws/install/arm_moveit_task/share/arm_moveit_task/environment/path.dsv
[1.172s] -- Symlinking: /home/sang/dev_ws/robot_arm/robot_arm_project/robot_arm_pick_place/colcon_ws/install/arm_moveit_task/share/arm_moveit_task/local_setup.bash
[1.180s] -- Symlinking: /home/sang/dev_ws/robot_arm/robot_arm_project/robot_arm_pick_place/colcon_ws/install/arm_moveit_task/share/arm_moveit_task/local_setup.sh
[1.187s] -- Symlinking: /home/sang/dev_ws/robot_arm/robot_arm_project/robot_arm_pick_place/colcon_ws/install/arm_moveit_task/share/arm_moveit_task/local_setup.zsh
[1.195s] -- Symlinking: /home/sang/dev_ws/robot_arm/robot_arm_project/robot_arm_pick_place/colcon_ws/install/arm_moveit_task/share/arm_moveit_task/local_setup.dsv
[1.202s] -- Symlinking: /home/sang/dev_ws/robot_arm/robot_arm_project/robot_arm_pick_place/colcon_ws/install/arm_moveit_task/share/arm_moveit_task/package.dsv
[1.209s] -- Symlinking: /home/sang/dev_ws/robot_arm/robot_arm_project/robot_arm_pick_place/colcon_ws/install/arm_moveit_task/share/ament_index/resource_index/packages/arm_moveit_task
[1.217s] -- Symlinking: /home/sang/dev_ws/robot_arm/robot_arm_project/robot_arm_pick_place/colcon_ws/install/arm_moveit_task/share/arm_moveit_task/cmake/arm_moveit_taskConfig.cmake
[1.224s] -- Symlinking: /home/sang/dev_ws/robot_arm/robot_arm_project/robot_arm_pick_place/colcon_ws/install/arm_moveit_task/share/arm_moveit_task/cmake/arm_moveit_taskConfig-version.cmake
[1.231s] -- Symlinking: /home/sang/dev_ws/robot_arm/robot_arm_project/robot_arm_pick_place/colcon_ws/install/arm_moveit_task/share/arm_moveit_task/package.xml
[1.272s] Listing '/home/sang/dev_ws/robot_arm/robot_arm_project/robot_arm_pick_place/colcon_ws/install/arm_moveit_task/local/lib/python3.10/dist-packages/arm_moveit_task'...
[1.273s] Compiling '/home/sang/dev_ws/robot_arm/robot_arm_project/robot_arm_pick_place/colcon_ws/install/arm_moveit_task/local/lib/python3.10/dist-packages/arm_moveit_task/__init__.py'...
[1.273s] Compiling '/home/sang/dev_ws/robot_arm/robot_arm_project/robot_arm_pick_place/colcon_ws/install/arm_moveit_task/local/lib/python3.10/dist-packages/arm_moveit_task/pick_place_task.py'...
[1.276s] -- Installing: /home/sang/dev_ws/robot_arm/robot_arm_project/robot_arm_pick_place/colcon_ws/install/arm_moveit_task/lib/arm_moveit_task/pick_place_task
[1.279s] Invoked command in '/home/sang/dev_ws/robot_arm/robot_arm_project/robot_arm_pick_place/colcon_ws/build/arm_moveit_task' returned '0': CMAKE_PREFIX_PATH=/home/sang/dev_ws/robot_arm/robot_arm_project/robot_arm_pick_place/colcon_ws/install/arm_moveit_config:/home/sang/dev_ws/robot_arm/robot_arm_project/robot_arm_pick_place/colcon_ws/install/arm_description:/home/sang/dev_ws/robot_arm/robot_arm_project/robot_arm_pick_place/colcon_ws/install/arm_moveit_task:/home/sang/dev_ws/robot_arm/robot_arm_project/robot_arm_pick_place/colcon_ws/install/arm_gazebo:/opt/ros/humble /usr/bin/cmake --install /home/sang/dev_ws/robot_arm/robot_arm_project/robot_arm_pick_place/colcon_ws/build/arm_moveit_task
