-- The C compiler identification is GNU 11.4.0
-- The CXX compiler identification is GNU 11.4.0
-- Detecting C compiler ABI info
-- Detecting C compiler ABI info - done
-- Check for working C compiler: /usr/bin/cc - skipped
-- Detecting C compile features
-- Detecting C compile features - done
-- Detecting CXX compiler ABI info
-- Detecting CXX compiler ABI info - done
-- Check for working CXX compiler: /usr/bin/c++ - skipped
-- Detecting CXX compile features
-- Detecting CXX compile features - done
-- Found ament_cmake: 1.3.12 (/opt/ros/humble/share/ament_cmake/cmake)
-- Found Python3: /usr/bin/python3 (found version "3.10.12") found components: Interpreter 
-- Override CMake install command with custom implementation using symlinks instead of copying resources
-- Configuring done
-- Generating done
-- Build files have been written to: /home/sang/dev_ws/robot_arm/robot_arm_project/robot_arm_pick_place/colcon_ws/build/arm_moveit_config
-- Install configuration: ""
-- Execute custom install script
-- Symlinking: /home/sang/dev_ws/robot_arm/robot_arm_project/robot_arm_pick_place/colcon_ws/install/arm_moveit_config/share/arm_moveit_config/config/arm.srdf
-- Symlinking: /home/sang/dev_ws/robot_arm/robot_arm_project/robot_arm_pick_place/colcon_ws/install/arm_moveit_config/share/arm_moveit_config/config/controllers.yaml
-- Symlinking: /home/sang/dev_ws/robot_arm/robot_arm_project/robot_arm_pick_place/colcon_ws/install/arm_moveit_config/share/arm_moveit_config/config/joint_limits.yaml
-- Symlinking: /home/sang/dev_ws/robot_arm/robot_arm_project/robot_arm_pick_place/colcon_ws/install/arm_moveit_config/share/arm_moveit_config/config/kinematics.yaml
-- Symlinking: /home/sang/dev_ws/robot_arm/robot_arm_project/robot_arm_pick_place/colcon_ws/install/arm_moveit_config/share/arm_moveit_config/config/moveit.rviz
-- Symlinking: /home/sang/dev_ws/robot_arm/robot_arm_project/robot_arm_pick_place/colcon_ws/install/arm_moveit_config/share/arm_moveit_config/config/ompl_planning.yaml
-- Symlinking: /home/sang/dev_ws/robot_arm/robot_arm_project/robot_arm_pick_place/colcon_ws/install/arm_moveit_config/share/arm_moveit_config/launch/move_group.launch.py
-- Symlinking: /home/sang/dev_ws/robot_arm/robot_arm_project/robot_arm_pick_place/colcon_ws/install/arm_moveit_config/share/ament_index/resource_index/package_run_dependencies/arm_moveit_config
-- Symlinking: /home/sang/dev_ws/robot_arm/robot_arm_project/robot_arm_pick_place/colcon_ws/install/arm_moveit_config/share/ament_index/resource_index/parent_prefix_path/arm_moveit_config
-- Symlinking: /home/sang/dev_ws/robot_arm/robot_arm_project/robot_arm_pick_place/colcon_ws/install/arm_moveit_config/share/arm_moveit_config/environment/ament_prefix_path.sh
-- Symlinking: /home/sang/dev_ws/robot_arm/robot_arm_project/robot_arm_pick_place/colcon_ws/install/arm_moveit_config/share/arm_moveit_config/environment/ament_prefix_path.dsv
-- Symlinking: /home/sang/dev_ws/robot_arm/robot_arm_project/robot_arm_pick_place/colcon_ws/install/arm_moveit_config/share/arm_moveit_config/environment/path.sh
-- Symlinking: /home/sang/dev_ws/robot_arm/robot_arm_project/robot_arm_pick_place/colcon_ws/install/arm_moveit_config/share/arm_moveit_config/environment/path.dsv
-- Symlinking: /home/sang/dev_ws/robot_arm/robot_arm_project/robot_arm_pick_place/colcon_ws/install/arm_moveit_config/share/arm_moveit_config/local_setup.bash
-- Symlinking: /home/sang/dev_ws/robot_arm/robot_arm_project/robot_arm_pick_place/colcon_ws/install/arm_moveit_config/share/arm_moveit_config/local_setup.sh
-- Symlinking: /home/sang/dev_ws/robot_arm/robot_arm_project/robot_arm_pick_place/colcon_ws/install/arm_moveit_config/share/arm_moveit_config/local_setup.zsh
-- Symlinking: /home/sang/dev_ws/robot_arm/robot_arm_project/robot_arm_pick_place/colcon_ws/install/arm_moveit_config/share/arm_moveit_config/local_setup.dsv
-- Symlinking: /home/sang/dev_ws/robot_arm/robot_arm_project/robot_arm_pick_place/colcon_ws/install/arm_moveit_config/share/arm_moveit_config/package.dsv
-- Symlinking: /home/sang/dev_ws/robot_arm/robot_arm_project/robot_arm_pick_place/colcon_ws/install/arm_moveit_config/share/ament_index/resource_index/packages/arm_moveit_config
-- Symlinking: /home/sang/dev_ws/robot_arm/robot_arm_project/robot_arm_pick_place/colcon_ws/install/arm_moveit_config/share/arm_moveit_config/cmake/arm_moveit_configConfig.cmake
-- Symlinking: /home/sang/dev_ws/robot_arm/robot_arm_project/robot_arm_pick_place/colcon_ws/install/arm_moveit_config/share/arm_moveit_config/cmake/arm_moveit_configConfig-version.cmake
-- Symlinking: /home/sang/dev_ws/robot_arm/robot_arm_project/robot_arm_pick_place/colcon_ws/install/arm_moveit_config/share/arm_moveit_config/package.xml
