[0.010s] Invoking command in '/home/sang/dev_ws/robot_arm/robot_arm_project/robot_arm_pick_place/colcon_ws/build/arm_description': CMAKE_PREFIX_PATH=${CMAKE_PREFIX_PATH}:/opt/ros/humble /usr/bin/cmake /home/sang/dev_ws/robot_arm/robot_arm_project/robot_arm_pick_place/colcon_ws/src/arm_description -DAMENT_CMAKE_SYMLINK_INSTALL=1 -DCMAKE_INSTALL_PREFIX=/home/sang/dev_ws/robot_arm/robot_arm_project/robot_arm_pick_place/colcon_ws/install/arm_description
[0.061s] -- The C compiler identification is GNU 11.4.0
[0.113s] -- The CXX compiler identification is GNU 11.4.0
[0.120s] -- Detecting C compiler ABI info
[0.180s] -- Detecting C compiler ABI info - done
[0.187s] -- Check for working C compiler: /usr/bin/cc - skipped
[0.187s] -- Detecting C compile features
[0.188s] -- Detecting C compile features - done
[0.190s] -- Detecting CXX compiler ABI info
[0.261s] -- Detecting CXX compiler ABI info - done
[0.268s] -- Check for working CXX compiler: /usr/bin/c++ - skipped
[0.268s] -- Detecting CXX compile features
[0.269s] -- Detecting CXX compile features - done
[0.272s] -- Found ament_cmake: 1.3.12 (/opt/ros/humble/share/ament_cmake/cmake)
[0.409s] -- Found Python3: /usr/bin/python3 (found version "3.10.12") found components: Interpreter 
[0.465s] -- Override CMake install command with custom implementation using symlinks instead of copying resources
[0.568s] -- Configuring done
[0.570s] -- Generating done
[0.571s] -- Build files have been written to: /home/sang/dev_ws/robot_arm/robot_arm_project/robot_arm_pick_place/colcon_ws/build/arm_description
[0.575s] Invoked command in '/home/sang/dev_ws/robot_arm/robot_arm_project/robot_arm_pick_place/colcon_ws/build/arm_description' returned '0': CMAKE_PREFIX_PATH=${CMAKE_PREFIX_PATH}:/opt/ros/humble /usr/bin/cmake /home/sang/dev_ws/robot_arm/robot_arm_project/robot_arm_pick_place/colcon_ws/src/arm_description -DAMENT_CMAKE_SYMLINK_INSTALL=1 -DCMAKE_INSTALL_PREFIX=/home/sang/dev_ws/robot_arm/robot_arm_project/robot_arm_pick_place/colcon_ws/install/arm_description
[0.576s] Invoking command in '/home/sang/dev_ws/robot_arm/robot_arm_project/robot_arm_pick_place/colcon_ws/build/arm_description': CMAKE_PREFIX_PATH=${CMAKE_PREFIX_PATH}:/opt/ros/humble /usr/bin/cmake --build /home/sang/dev_ws/robot_arm/robot_arm_project/robot_arm_pick_place/colcon_ws/build/arm_description -- -j12 -l12
[0.611s] Invoked command in '/home/sang/dev_ws/robot_arm/robot_arm_project/robot_arm_pick_place/colcon_ws/build/arm_description' returned '0': CMAKE_PREFIX_PATH=${CMAKE_PREFIX_PATH}:/opt/ros/humble /usr/bin/cmake --build /home/sang/dev_ws/robot_arm/robot_arm_project/robot_arm_pick_place/colcon_ws/build/arm_description -- -j12 -l12
[0.621s] Invoking command in '/home/sang/dev_ws/robot_arm/robot_arm_project/robot_arm_pick_place/colcon_ws/build/arm_description': CMAKE_PREFIX_PATH=${CMAKE_PREFIX_PATH}:/opt/ros/humble /usr/bin/cmake --install /home/sang/dev_ws/robot_arm/robot_arm_project/robot_arm_pick_place/colcon_ws/build/arm_description
[0.629s] -- Install configuration: ""
[0.629s] -- Execute custom install script
[0.629s] -- Symlinking: /home/sang/dev_ws/robot_arm/robot_arm_project/robot_arm_pick_place/colcon_ws/install/arm_description/share/arm_description/urdf/arm.urdf.xacro
[0.638s] -- Symlinking: /home/sang/dev_ws/robot_arm/robot_arm_project/robot_arm_pick_place/colcon_ws/install/arm_description/share/arm_description/config/README.md
[0.647s] -- Symlinking: /home/sang/dev_ws/robot_arm/robot_arm_project/robot_arm_pick_place/colcon_ws/install/arm_description/share/ament_index/resource_index/package_run_dependencies/arm_description
[0.656s] -- Symlinking: /home/sang/dev_ws/robot_arm/robot_arm_project/robot_arm_pick_place/colcon_ws/install/arm_description/share/ament_index/resource_index/parent_prefix_path/arm_description
[0.665s] -- Symlinking: /home/sang/dev_ws/robot_arm/robot_arm_project/robot_arm_pick_place/colcon_ws/install/arm_description/share/arm_description/environment/ament_prefix_path.sh
[0.674s] -- Symlinking: /home/sang/dev_ws/robot_arm/robot_arm_project/robot_arm_pick_place/colcon_ws/install/arm_description/share/arm_description/environment/ament_prefix_path.dsv
[0.682s] -- Symlinking: /home/sang/dev_ws/robot_arm/robot_arm_project/robot_arm_pick_place/colcon_ws/install/arm_description/share/arm_description/environment/path.sh
[0.690s] -- Symlinking: /home/sang/dev_ws/robot_arm/robot_arm_project/robot_arm_pick_place/colcon_ws/install/arm_description/share/arm_description/environment/path.dsv
[0.699s] -- Symlinking: /home/sang/dev_ws/robot_arm/robot_arm_project/robot_arm_pick_place/colcon_ws/install/arm_description/share/arm_description/local_setup.bash
[0.707s] -- Symlinking: /home/sang/dev_ws/robot_arm/robot_arm_project/robot_arm_pick_place/colcon_ws/install/arm_description/share/arm_description/local_setup.sh
[0.716s] -- Symlinking: /home/sang/dev_ws/robot_arm/robot_arm_project/robot_arm_pick_place/colcon_ws/install/arm_description/share/arm_description/local_setup.zsh
[0.724s] -- Symlinking: /home/sang/dev_ws/robot_arm/robot_arm_project/robot_arm_pick_place/colcon_ws/install/arm_description/share/arm_description/local_setup.dsv
[0.733s] -- Symlinking: /home/sang/dev_ws/robot_arm/robot_arm_project/robot_arm_pick_place/colcon_ws/install/arm_description/share/arm_description/package.dsv
[0.740s] -- Symlinking: /home/sang/dev_ws/robot_arm/robot_arm_project/robot_arm_pick_place/colcon_ws/install/arm_description/share/ament_index/resource_index/packages/arm_description
[0.749s] -- Symlinking: /home/sang/dev_ws/robot_arm/robot_arm_project/robot_arm_pick_place/colcon_ws/install/arm_description/share/arm_description/cmake/arm_descriptionConfig.cmake
[0.756s] -- Symlinking: /home/sang/dev_ws/robot_arm/robot_arm_project/robot_arm_pick_place/colcon_ws/install/arm_description/share/arm_description/cmake/arm_descriptionConfig-version.cmake
[0.765s] -- Symlinking: /home/sang/dev_ws/robot_arm/robot_arm_project/robot_arm_pick_place/colcon_ws/install/arm_description/share/arm_description/package.xml
[0.774s] Invoked command in '/home/sang/dev_ws/robot_arm/robot_arm_project/robot_arm_pick_place/colcon_ws/build/arm_description' returned '0': CMAKE_PREFIX_PATH=${CMAKE_PREFIX_PATH}:/opt/ros/humble /usr/bin/cmake --install /home/sang/dev_ws/robot_arm/robot_arm_project/robot_arm_pick_place/colcon_ws/build/arm_description
